<?xml version="1.0" encoding="utf-8"?><testsuites name="pytest tests"><testsuite name="pytest" errors="0" failures="0" skipped="0" tests="32" time="4.642" timestamp="2026-06-02T14:16:48.597229+00:00" hostname="agent-env-51605631-6dc8-4485-8962-ce9ba57d92db"><testcase classname="backend.tests.test_zivora_api.TestHealth" name="test_root" time="0.253" /><testcase classname="backend.tests.test_zivora_api.TestProducts" name="test_list_products" time="0.072" /><testcase classname="backend.tests.test_zivora_api.TestProducts" name="test_filter_by_category" time="0.060" /><testcase classname="backend.tests.test_zivora_api.TestProducts" name="test_get_by_slug" time="0.131" /><testcase classname="backend.tests.test_zivora_api.TestProducts" name="test_get_by_id" time="0.116" /><testcase classname="backend.tests.test_zivora_api.TestProducts" name="test_product_not_found" time="0.066" /><testcase classname="backend.tests.test_zivora_api.TestCategories" name="test_list_categories" time="0.057" /><testcase classname="backend.tests.test_zivora_api.TestAuth" name="test_signup_and_me" time="0.357" /><testcase classname="backend.tests.test_zivora_api.TestAuth" name="test_signup_duplicate" time="0.060" /><testcase classname="backend.tests.test_zivora_api.TestAuth" name="test_login" time="0.276" /><testcase classname="backend.tests.test_zivora_api.TestAuth" name="test_login_invalid" time="0.051" /><testcase classname="backend.tests.test_zivora_api.TestAuth" name="test_google_auth" time="0.278" /><testcase classname="backend.tests.test_zivora_api.TestAuth" name="test_me_requires_auth" time="0.050" /><testcase classname="backend.tests.test_zivora_api.TestAuth" name="test_admin_login" time="0.281" /><testcase classname="backend.tests.test_zivora_api.TestAdminRBAC" name="test_admin_dashboard" time="0.059" /><testcase classname="backend.tests.test_zivora_api.TestAdminRBAC" name="test_admin_orders" time="0.058" /><testcase classname="backend.tests.test_zivora_api.TestAdminRBAC" name="test_admin_customers" time="0.058" /><testcase classname="backend.tests.test_zivora_api.TestAdminRBAC" name="test_admin_rejects_customer" time="0.053" /><testcase classname="backend.tests.test_zivora_api.TestCart" name="test_get_empty_cart" time="0.061" /><testcase classname="backend.tests.test_zivora_api.TestCart" name="test_update_and_get_cart" time="0.177" /><testcase classname="backend.tests.test_zivora_api.TestCart" name="test_clear_cart" time="0.117" /><testcase classname="backend.tests.test_zivora_api.TestWishlist" name="test_wishlist_flow" time="0.280" /><testcase classname="backend.tests.test_zivora_api.TestOrdersPayments" name="test_get_user_orders" time="0.167" /><testcase classname="backend.tests.test_zivora_api.TestOrdersPayments" name="test_get_single_order" time="0.053" /><testcase classname="backend.tests.test_zivora_api.TestOrdersPayments" name="test_payment_create_order" time="0.831" /><testcase classname="backend.tests.test_zivora_api.TestOrdersPayments" name="test_payment_verify" time="0.123" /><testcase classname="backend.tests.test_zivora_api.TestCustomGrills" name="test_create_custom_grill" time="0.068" /><testcase classname="backend.tests.test_zivora_api.TestCustomGrills" name="test_list_user_custom_grills" time="0.053" /><testcase classname="backend.tests.test_zivora_api.TestCustomGrills" name="test_admin_custom_grills" time="0.061" /><testcase classname="backend.tests.test_zivora_api.TestContactNewsletter" name="test_newsletter_subscribe" time="0.108" /><testcase classname="backend.tests.test_zivora_api.TestContactNewsletter" name="test_newsletter_missing_email" time="0.050" /><testcase classname="backend.tests.test_zivora_api.TestContactNewsletter" name="test_contact_form" time="0.052" /></testsuite></testsuites>